Charm++: standalone mode (not using charmrun)
Charm++> Running in Multicore mode: 2 threads (PEs)
Charm++> Using recursive bisection (scheme 3) for topology aware partitions
Converse/Charm++ Commit ID: 
CharmLB> Load balancer assumes all CPUs are same.
Charm++> Running on 1 hosts (1 sockets x 2 cores x 2 PUs = 4-way SMP)
Charm++> cpu topology info is gathered in 0.000 seconds.
CharmLB> Load balancing instrumentation for communication is off.
Info: NAMD 3.0.2 for Linux-x86_64-multicore
Info: 
Info: Please visit http://www.ks.uiuc.edu/Research/namd/
Info: for updates, documentation, and support information.
Info: 
Info: Please cite Phillips et al., J. Chem. Phys. 153:044130 (2020) doi:10.1063/5.0014475
Info: in all publications reporting results obtained with NAMD.
Info: 
Info: Based on Charm++/Converse 80000 for multicore-linux-x86_64-gcc
Info: Built Wed Aug 27 15:39:24 CDT 2025 by dhardy on athine.ks.uiuc.edu
Info: 1 NAMD  3.0.2  Linux-x86_64-multicore  2    Lenovo  londro
Info: Running on 2 processors, 1 nodes, 1 physical nodes.
Info: CPU topology information available.
Info: Charm++/Converse parallel runtime startup completed at 0.00369763 s
CkLoopLib is used in SMP with simple dynamic scheduling (converse-level notification)
Info: 95.668 MB of memory in use based on /proc/self/stat
Info: Configuration file is eq_pamam_4_CLKWWW.0.namd
Info: Working in the current directory /home/londro/Desktop/Practica/CLK-peptids/4_CLKWWW/namd
TCL: Suspending until startup complete.
Info: EXTENDED SYSTEM FILE   ../output/4_CLKWWW.0.restart.xsc
Warning: The Langevin gamma parameters differ over the particles,
Warning: requiring extra work per step to constrain rigid bonds.
Info: SIMULATION PARAMETERS:
Info: TIMESTEP               4
Info: NUMBER OF STEPS        2100000000
Info: STEPS PER CYCLE        10
Info: PERIODIC CELL BASIS 1  50.463 0 0
Info: PERIODIC CELL BASIS 2  0 54.107 0
Info: PERIODIC CELL BASIS 3  0 0 53.546
Info: PERIODIC CELL CENTER   0 0 0
Info: WRAPPING ALL CLUSTERS AROUND PERIODIC BOUNDARIES ON OUTPUT.
Info: WRAPPING TO IMAGE NEAREST TO PERIODIC CELL CENTER.
Info: LOAD BALANCER  Centralized
Info: LOAD BALANCING STRATEGY  New Load Balancers -- DEFAULT
Info: LDB PERIOD             2000 steps
Info: FIRST LDB TIMESTEP     50
Info: LAST LDB TIMESTEP     -1
Info: LDB BACKGROUND SCALING 1
Info: HOM BACKGROUND SCALING 1
Info: PME BACKGROUND SCALING 1
Info: MIN ATOMS PER PATCH    40
Info: EMPTY PATCH LOAD       40 ATOMS
Info: VELOCITY FILE          ../output/4_CLKWWW.0.restart.vel
Info: CENTER OF MASS MOVING INITIALLY? YES
Info: DIELECTRIC             1
Info: EXCLUDE                SCALED ONE-FOUR
Info: 1-4 ELECTROSTATICS SCALED BY 1
Info: MODIFIED 1-4 VDW PARAMETERS WILL BE USED
Info: DCD FILENAME           ../output/4_CLKWWW.1.dcd
Info: DCD FREQUENCY          10000
Info: DCD FIRST STEP         10000
Info: DCD FILE WILL CONTAIN UNIT CELL DATA
Info: XST FILENAME           ../output/4_CLKWWW.1.xst
Info: XST FREQUENCY          10000
Info: NO VELOCITY DCD OUTPUT
Info: NO FORCE DCD OUTPUT
Info: OUTPUT FILENAME        ../output/4_CLKWWW.1
Info: BINARY OUTPUT FILES WILL BE USED
Info: RESTART FILENAME       ../output/4_CLKWWW.1.restart
Info: RESTART FREQUENCY      10000
Info: BINARY RESTART FILES WILL BE USED
Info: SWITCHING ACTIVE
Info: VDW FORCE SWITCHING ACTIVE
Info: SWITCHING ON           8
Info: SWITCHING OFF          9
Info: PAIRLIST DISTANCE      11
Info: PAIRLIST SHRINK RATE   0.01
Info: PAIRLIST GROW RATE     0.01
Info: PAIRLIST TRIGGER       0.3
Info: PAIRLISTS PER CYCLE    2
Info: PAIRLISTS ENABLED
Info: MARGIN                 4
Info: HYDROGEN GROUP CUTOFF  2.5
Info: PATCH DIMENSION        17.5
Info: ENERGY OUTPUT STEPS    10000
Info: ENERGY EVALUATION STEPS    10000
Info: OUTPUT ENERGY PRECISION 4
Info: CROSSTERM ENERGY INCLUDED IN DIHEDRAL
Info: TIMING OUTPUT STEPS    10000
Info: PRESSURE OUTPUT STEPS  10000
Info: LANGEVIN DYNAMICS ACTIVE
Info: LANGEVIN TEMPERATURE   300
Info: LANGEVIN USING BBK INTEGRATOR
Info: LANGEVIN DAMPING COEFFICIENT IS 1 INVERSE PS
Info: LANGEVIN DYNAMICS NOT APPLIED TO HYDROGENS
Info: LANGEVIN PISTON PRESSURE CONTROL ACTIVE
Info:        TARGET PRESSURE IS 1.01325 BAR
Info:     OSCILLATION PERIOD IS 400 FS
Info:             DECAY TIME IS 300 FS
Info:     PISTON TEMPERATURE IS 300 K
Info:       PRESSURE CONTROL IS GROUP-BASED
Info:    INITIAL STRAIN RATE IS 0 0 0
Info:       CELL FLUCTUATION IS ANISOTROPIC
Info:     SHAPE OF CELL IS CONSTRAINED IN X-Y PLANE
Info: PARTICLE MESH EWALD (PME) ACTIVE
Info: PME TOLERANCE               1e-06
Info: PME EWALD COEFFICIENT       0.348832
Info: PME INTERPOLATION ORDER     4
Info: PME GRID DIMENSIONS         44 48 48
Info: PME MAXIMUM GRID SPACING    1.2
Info: Attempting to read FFTW data from FFTW_NAMD_3.0.2_Linux-x86_64-multicore.txt
Info: Optimizing 6 FFT steps.  1... 2... 3... 4... 5... 6...   Done.
Info: Writing FFTW data to FFTW_NAMD_3.0.2_Linux-x86_64-multicore.txt
Info: FULL ELECTROSTATIC EVALUATION FREQUENCY      1
Info: USING VERLET I (r-RESPA) MTS SCHEME.
Info: C1 SPLITTING OF LONG RANGE ELECTROSTATICS
Info: PLACING ATOMS IN PATCHES BY HYDROGEN GROUPS
Info: RIGID BONDS TO HYDROGEN : ALL
Info:         ERROR TOLERANCE : 1e-08
Info:          MAX ITERATIONS : 100
Info: RIGID WATER USING SETTLE ALGORITHM
Info: RANDOM NUMBER SEED     1767800888
Info: USE HYDROGEN BONDS?    NO
Info: COORDINATE PDB         ../build/final-sist-4_CLKWWW_ion.pdb
Info: STRUCTURE FILE         ../build/repart_4_CLKWWW.psf
Info: PARAMETER file: CHARMM format! 
Info: PARAMETERS             ../parameters/par_all36_prot_lipid_water_ions.prm
Info: PARAMETERS             ../parameters/par_all36_prot_lipid_water_ions_hyp.prm
Info: PARAMETERS             ../parameters/par_all36_cgenff.prm
Info: PARAMETERS             ../parameters/par_all36_prot.prm
Info: PARAMETERS             ../parameters/toppar_water_ions_cgenff.str
Info: PARAMETERS             ../parameters/par_interface.prm
Info: PARAMETERS             ../parameters/par_all36_carb.prm
Info: PARAMETERS             ../parameters/par_all36_na.prm
Info: PARAMETERS             ../parameters/par_all36_cgenff_edit_gold.prm
Info: USING ARITHMETIC MEAN TO COMBINE L-J SIGMA PARAMETERS
Info: BINARY COORDINATES     ../output/4_CLKWWW.0.restart.coor
Info: SKIPPING rtf SECTION IN STREAM FILE

Warning: DUPLICATE BOND ENTRY FOR CG2O7-OG2D5
PREVIOUS VALUES  k=986  x0=1.16
   USING VALUES  k=986  x0=1.17

Warning: DUPLICATE BOND ENTRY FOR CG331-NG2S3
PREVIOUS VALUES  k=261  x0=1.49
   USING VALUES  k=266  x0=1.46

Warning: DUPLICATE DIHEDRAL ENTRY FOR CG2R61-CG2R61-OG301-CG331
PREVIOUS VALUES MULTIPLICITY: 1
  k=1.74  n=2  delta=180
Warning: IDENTICAL PERIODICITY! REPLACING OLD VALUES BY: 
  k=1.58  n=2  delta=180
Warning: DUPLICATE vdW ENTRY FOR CG1T1
PREVIOUS VALUES  sigma=3.33196 epsilon=0.17 sigma14=3.33196 epsilon14=0.17
   USING VALUES  sigma=3.27851 epsilon=0.167 sigma14=3.27851 epsilon14=0.167
Warning: DUPLICATE vdW ENTRY FOR CLGR1
PREVIOUS VALUES  sigma=3.43887 epsilon=0.32 sigma14=3.43887 epsilon14=0.32
   USING VALUES  sigma=3.31414 epsilon=0.23 sigma14=3.31414 epsilon14=0.23
Warning: DUPLICATE vdW ENTRY FOR BRGR1
PREVIOUS VALUES  sigma=3.68832 epsilon=0.42 sigma14=3.68832 epsilon14=0.42
   USING VALUES  sigma=3.52796 epsilon=0.32 sigma14=3.52796 epsilon14=0.32
Warning: DUPLICATE vdW ENTRY FOR IGR1
PREVIOUS VALUES  sigma=3.90214 epsilon=0.55 sigma14=3.90214 epsilon14=0.55
   USING VALUES  sigma=3.99123 epsilon=0.52 sigma14=3.99123 epsilon14=0.52
Info: SUMMARY OF PARAMETERS:
Info: 2648 BONDS
Info: 10579 ANGLES
Info: 37618 DIHEDRAL
Info: 737 IMPROPER
Info: 18 CROSSTERM
Info: 802 VDW
Info: 77 VDW_PAIRS
Info: 0 NBTHOLE_PAIRS
Info: TIME FOR READING PSF FILE: 0.240355
Info: Reading pdb file ../build/final-sist-4_CLKWWW_ion.pdb
Info: TIME FOR READING PDB FILE: 0.0172326
Info: 
Info: ****************************
Info: STRUCTURE SUMMARY:
Info: 11645 ATOMS
Info: 6226 BONDS
Info: 3282 ANGLES
Info: 353 DIHEDRALS
Info: 11 IMPROPERS
Info: 4 CROSSTERMS
Info: 0 EXCLUSIONS
Info: 9202 RIGID BONDS
Info: 25733 DEGREES OF FREEDOM
Info: 5490 HYDROGEN GROUPS
Info: 4 ATOMS IN LARGEST HYDROGEN GROUP
Info: 5490 MIGRATION GROUPS
Info: 4 ATOMS IN LARGEST MIGRATION GROUP
Info: TOTAL MASS = 523842 amu
Info: TOTAL CHARGE = 1.30385e-08 e
Info: MASS DENSITY = 5.94985 g/cm^3
Info: ATOM DENSITY = 0.07965 atoms/A^3
Info: *****************************
Info: Reading from binary file ../output/4_CLKWWW.0.restart.coor
Info: 
Info: Entering startup at 7.49585 s, 49.9243 MB of memory in use
Info: Startup phase 0 took 6.8299e-05 s, 49.9243 MB of memory in use
Info: ADDED 9837 IMPLICIT EXCLUSIONS
Info: Startup phase 1 took 0.0152802 s, 49.9243 MB of memory in use
Info: NONBONDED TABLE R-SQUARED SPACING: 0.0625
Info: NONBONDED TABLE SIZE: 705 POINTS
Info: INCONSISTENCY IN FAST TABLE ENERGY VS FORCE: 0.000290481 AT 0.251946
Info: INCONSISTENCY IN SCOR TABLE ENERGY VS FORCE: 0.000238233 AT 8.9687
Info: INCONSISTENCY IN VDWA TABLE ENERGY VS FORCE: 0.0040507 AT 0.251946
Info: ABSOLUTE IMPRECISION IN VDWB TABLE ENERGY: 2.06795e-25 AT 8.99653
Info: RELATIVE IMPRECISION IN VDWB TABLE ENERGY: 1.11702e-16 AT 8.99653
Info: INCONSISTENCY IN VDWB TABLE ENERGY VS FORCE: 0.00150189 AT 0.251946
Info: Startup phase 2 took 0.0103261 s, 49.9243 MB of memory in use
Info: Startup phase 3 took 9.4949e-05 s, 49.9243 MB of memory in use
Info: Startup phase 4 took 0.000148561 s, 49.9243 MB of memory in use
Info: Startup phase 5 took 6.6225e-05 s, 49.9243 MB of memory in use
Info: PATCH GRID IS 2 (PERIODIC) BY 3 (PERIODIC) BY 3 (PERIODIC)
Info: PATCH GRID IS 1-AWAY BY 1-AWAY BY 1-AWAY
Info: Reading from binary file ../output/4_CLKWWW.0.restart.vel
Info: LARGEST PATCH (17) HAS 723 ATOMS
Info: TORUS A SIZE 1 USING 0
Info: TORUS B SIZE 1 USING 0
Info: TORUS C SIZE 1 USING 0
Info: TORUS MINIMAL MESH SIZE IS 1 BY 1 BY 1
Info: Placed 100% of base nodes on same physical node as patch
Info: Startup phase 6 took 0.00402667 s, 49.9243 MB of memory in use
Info: PME using 2 and 2 processors for FFT and reciprocal sum.
Info: PME GRID LOCATIONS: 0 1
Info: PME TRANS LOCATIONS: 0 1
Info: PME USING 1 GRID NODES AND 1 TRANS NODES
Info: Optimizing 4 FFT steps.  1... 2... 3... 4...   Done.
Info: Startup phase 7 took 0.000543017 s, 49.9243 MB of memory in use
Info: Startup phase 8 took 8.5612e-05 s, 49.9243 MB of memory in use
Info: Startup phase 9 took 5.9903e-05 s, 49.9243 MB of memory in use
Info: Startup phase 10 took 5.8521e-05 s, 49.9243 MB of memory in use
Info: Startup phase 11 took 0.000166295 s, 49.9243 MB of memory in use
LDB: Central LB being created...
Info: Startup phase 12 took 0.000114266 s, 49.9243 MB of memory in use
Info: CREATING 370 COMPUTE OBJECTS
Info: useSync: 0 useProxySync: 0
Info: Startup phase 13 took 0.00136081 s, 49.9243 MB of memory in use
Info: Startup phase 14 took 0.000107563 s, 49.9243 MB of memory in use
Info: Startup phase 15 took 9.4619e-05 s, 49.9243 MB of memory in use
Info: Finished startup at 7.52846 s, 49.9243 MB of memory in use

PRESSURE: 0 22494.4 -14.9219 86.9705 -14.9219 14549 161.175 86.9705 161.175 -5116.92
GPRESSURE: 0 22494.6 -14.0503 86.9564 -14.7358 14548.7 161.787 87.3893 161.523 -5116.78
ETITLE:      TS           BOND          ANGLE          DIHED          IMPRP               ELECT            VDW       BOUNDARY           MISC        KINETIC               TOTAL           TEMP      POTENTIAL         TOTAL3        TEMPAVG            PRESSURE      GPRESSURE         VOLUME       PRESSAVG      GPRESSAVG

ENERGY:       0         8.1399        31.2152        48.5409         0.5739         -40767.7523    -86748.9486         0.0000         0.0000         0.0000        -127428.2309         0.0000   -127428.2309   -127428.2275         0.0000          10642.1431     10642.1785    146202.0809     10642.1431     10642.1785

OPENING EXTENDED SYSTEM TRAJECTORY FILE
LDB: ============= START OF LOAD BALANCING ============== 7.86245
LDB: ============== END OF LOAD BALANCING =============== 7.86255
Info: useSync: 0 useProxySync: 0
LDB: =============== DONE WITH MIGRATION ================ 7.86261
LDB: ============= START OF LOAD BALANCING ============== 9.09694
LDB: Largest compute 31 load 0.059499 is 5.1% of average load 1.170416
LDB: Average compute 0.005074 is 0.4% of average load 1.170416
LDB: Partitioning computes with target load 0.117042
LDB: Increased migratable compute count from 342 to 342
LDB: Largest unpartitionable compute is 0.002633
LDB: ============== END OF LOAD BALANCING =============== 9.09716
Info: useSync: 0 useProxySync: 0
LDB: =============== DONE WITH MIGRATION ================ 9.09733
Info: Initial time: 2 CPUs 0.0312018 s/step 0.0902829 days/ns 49.9243 MB memory
LDB: ============= START OF LOAD BALANCING ============== 9.43293
LDB: ============== END OF LOAD BALANCING =============== 9.43301
Info: useSync: 0 useProxySync: 0
LDB: =============== DONE WITH MIGRATION ================ 9.43307
LDB: ============= START OF LOAD BALANCING ============== 10.4306
LDB: Largest compute 35 load 0.049611 is 5.1% of average load 0.965582
LDB: Average compute 0.004186 is 0.4% of average load 0.965582
LDB: TIME 10.4308 LOAD: AVG 0.965582 MAX 0.965853  PROXIES: TOTAL 18 MAXPE 9 MAXPATCH 1 None MEM: 49.9243 MB
LDB: TIME 10.4309 LOAD: AVG 0.965582 MAX 0.975237  PROXIES: TOTAL 18 MAXPE 9 MAXPATCH 1 TorusLB MEM: 49.9243 MB
LDB: Reverting to original mapping
LDB: ============== END OF LOAD BALANCING =============== 10.431
Info: useSync: 0 useProxySync: 0
LDB: =============== DONE WITH MIGRATION ================ 10.4312
Info: Initial time: 2 CPUs 0.0265616 s/step 0.0768563 days/ns 49.9243 MB memory
LDB: ============= START OF LOAD BALANCING ============== 11.5138
LDB: Largest compute 35 load 0.058544 is 5.5% of average load 1.065255
LDB: Average compute 0.004610 is 0.4% of average load 1.065255
LDB: TIME 11.514 LOAD: AVG 1.06526 MAX 1.06899  PROXIES: TOTAL 18 MAXPE 9 MAXPATCH 1 None MEM: 49.9243 MB
LDB: TIME 11.5141 LOAD: AVG 1.06526 MAX 1.06899  PROXIES: TOTAL 18 MAXPE 9 MAXPATCH 1 RefineTorusLB MEM: 49.9243 MB
LDB: TIME 11.5142 LOAD: AVG 1.06526 MAX 1.06899  PROXIES: TOTAL 18 MAXPE 9 MAXPATCH 1 RefineTorusLB MEM: 49.9243 MB
LDB: ============== END OF LOAD BALANCING =============== 11.5143
Info: useSync: 0 useProxySync: 0
LDB: =============== DONE WITH MIGRATION ================ 11.5144
Info: Initial time: 2 CPUs 0.0216263 s/step 0.062576 days/ns 49.9243 MB memory
LDB: ============= START OF LOAD BALANCING ============== 13.0339
LDB: Largest compute 35 load 0.082720 is 5.7% of average load 1.461459
LDB: Average compute 0.006327 is 0.4% of average load 1.461459
LDB: TIME 13.0341 LOAD: AVG 1.46146 MAX 1.496  PROXIES: TOTAL 18 MAXPE 9 MAXPATCH 1 None MEM: 49.9243 MB
LDB: TIME 13.0343 LOAD: AVG 1.46146 MAX 1.496  PROXIES: TOTAL 18 MAXPE 9 MAXPATCH 1 RefineTorusLB MEM: 49.9243 MB
LDB: TIME 13.0345 LOAD: AVG 1.46146 MAX 1.4845  PROXIES: TOTAL 18 MAXPE 9 MAXPATCH 1 RefineTorusLB MEM: 49.9243 MB
LDB: ============== END OF LOAD BALANCING =============== 13.0346
Info: useSync: 0 useProxySync: 0
LDB: =============== DONE WITH MIGRATION ================ 13.0348
Info: Benchmark time: 2 CPUs 0.0307185 s/step 0.0888844 days/ns 49.9243 MB memory
Info: Benchmark time: 2 CPUs 0.0223308 s/step 0.0646146 days/ns 49.9243 MB memory
Info: Benchmark time: 2 CPUs 0.0236798 s/step 0.0685178 days/ns 49.9243 MB memory
Info: Benchmark time: 2 CPUs 0.0226615 s/step 0.0655716 days/ns 49.9243 MB memory
Info: Benchmark time: 2 CPUs 0.0251699 s/step 0.0728296 days/ns 49.9243 MB memory
Info: Benchmark time: 2 CPUs 0.0337537 s/step 0.0976668 days/ns 49.9243 MB memory
LDB: ============= START OF LOAD BALANCING ============== 61.9716
LDB: ============== END OF LOAD BALANCING =============== 61.9717
Info: useSync: 0 useProxySync: 0
LDB: =============== DONE WITH MIGRATION ================ 61.9718
LDB: ============= START OF LOAD BALANCING ============== 63.171
LDB: Largest compute 21 load 0.063571 is 5.4% of average load 1.171410
LDB: Average compute 0.005199 is 0.4% of average load 1.171410
LDB: TIME 63.1712 LOAD: AVG 1.17141 MAX 1.19385  PROXIES: TOTAL 18 MAXPE 9 MAXPATCH 1 None MEM: 49.9243 MB
LDB: TIME 63.1713 LOAD: AVG 1.17141 MAX 1.19385  PROXIES: TOTAL 18 MAXPE 9 MAXPATCH 1 RefineTorusLB MEM: 49.9243 MB
LDB: TIME 63.1714 LOAD: AVG 1.17141 MAX 1.18865  PROXIES: TOTAL 18 MAXPE 9 MAXPATCH 1 RefineTorusLB MEM: 49.9243 MB
LDB: ============== END OF LOAD BALANCING =============== 63.1714
Info: useSync: 0 useProxySync: 0
LDB: =============== DONE WITH MIGRATION ================ 63.1716
LDB: ============= START OF LOAD BALANCING ============== 110.254
LDB: ============== END OF LOAD BALANCING =============== 110.254
Info: useSync: 0 useProxySync: 0
LDB: =============== DONE WITH MIGRATION ================ 110.254
LDB: ============= START OF LOAD BALANCING ============== 111.401
LDB: Largest compute 19 load 0.060425 is 5.4% of average load 1.128604
LDB: Average compute 0.005000 is 0.4% of average load 1.128604
LDB: TIME 111.402 LOAD: AVG 1.1286 MAX 1.13473  PROXIES: TOTAL 18 MAXPE 9 MAXPATCH 1 None MEM: 49.9243 MB
LDB: TIME 111.402 LOAD: AVG 1.1286 MAX 1.13473  PROXIES: TOTAL 18 MAXPE 9 MAXPATCH 1 RefineTorusLB MEM: 49.9243 MB
LDB: TIME 111.402 LOAD: AVG 1.1286 MAX 1.13473  PROXIES: TOTAL 18 MAXPE 9 MAXPATCH 1 RefineTorusLB MEM: 49.9243 MB
LDB: ============== END OF LOAD BALANCING =============== 111.402
Info: useSync: 0 useProxySync: 0
LDB: =============== DONE WITH MIGRATION ================ 111.402
LDB: ============= START OF LOAD BALANCING ============== 155.309
LDB: ============== END OF LOAD BALANCING =============== 155.309
Info: useSync: 0 useProxySync: 0
LDB: =============== DONE WITH MIGRATION ================ 155.309
LDB: ============= START OF LOAD BALANCING ============== 156.454
LDB: Largest compute 33 load 0.067250 is 5.9% of average load 1.131574
LDB: Average compute 0.005015 is 0.4% of average load 1.131574
LDB: TIME 156.454 LOAD: AVG 1.13157 MAX 1.13587  PROXIES: TOTAL 18 MAXPE 9 MAXPATCH 1 None MEM: 49.9243 MB
LDB: TIME 156.454 LOAD: AVG 1.13157 MAX 1.13587  PROXIES: TOTAL 18 MAXPE 9 MAXPATCH 1 RefineTorusLB MEM: 49.9243 MB
LDB: TIME 156.455 LOAD: AVG 1.13157 MAX 1.13587  PROXIES: TOTAL 18 MAXPE 9 MAXPATCH 1 RefineTorusLB MEM: 49.9243 MB
LDB: ============== END OF LOAD BALANCING =============== 156.455
Info: useSync: 0 useProxySync: 0
LDB: =============== DONE WITH MIGRATION ================ 156.455
LDB: ============= START OF LOAD BALANCING ============== 200.717
LDB: ============== END OF LOAD BALANCING =============== 200.717
Info: useSync: 0 useProxySync: 0
LDB: =============== DONE WITH MIGRATION ================ 200.718
LDB: ============= START OF LOAD BALANCING ============== 201.87
LDB: Largest compute 33 load 0.064972 is 5.7% of average load 1.132551
LDB: Average compute 0.005013 is 0.4% of average load 1.132551
LDB: TIME 201.871 LOAD: AVG 1.13255 MAX 1.1391  PROXIES: TOTAL 18 MAXPE 9 MAXPATCH 1 None MEM: 49.9243 MB
LDB: TIME 201.871 LOAD: AVG 1.13255 MAX 1.1391  PROXIES: TOTAL 18 MAXPE 9 MAXPATCH 1 RefineTorusLB MEM: 49.9243 MB
LDB: TIME 201.871 LOAD: AVG 1.13255 MAX 1.1391  PROXIES: TOTAL 18 MAXPE 9 MAXPATCH 1 RefineTorusLB MEM: 49.9243 MB
LDB: ============== END OF LOAD BALANCING =============== 201.871
Info: useSync: 0 useProxySync: 0
LDB: =============== DONE WITH MIGRATION ================ 201.871
PRESSURE: 10000 890.2 14.9114 127.034 14.9114 -3943.1 -346.069 127.034 -346.069 -704.926
GPRESSURE: 10000 874.876 -5.44529 94.7138 14.1116 -3919.59 -271.805 175.498 -527.467 -705.154
PRESSAVG: 10000 2722.48 -20.7353 -50.866 -20.7353 -2732.86 4.82208 -50.866 4.82208 -0.381669
GPRESSAVG: 10000 2722.47 -20.6775 -50.8184 -20.7699 -2732.89 4.85676 -50.8386 4.82681 -0.335745
TIMING: 10000  CPU: 235.291, 0.0235239/step  Wall: 236.315, 0.0236262/step, 13781.9 hours remaining, 49.924311 MB of memory in use.
PERFORMANCE: 10000  averaging 14.6278 ns/day, 0.0236262 sec/step with standard deviation 0
ENERGY:   10000        27.8695        85.2079        60.3471         3.9052         -32990.8120    -87439.6963         0.0000         0.0000      7563.0595        -112690.1192       295.7995   -120253.1786   -112643.4520       282.0996          -1252.6077     -1249.9547    131406.6360        -3.5857        -3.5854

WRITING EXTENDED SYSTEM TO RESTART FILE AT STEP 10000
OPENING COORDINATE DCD FILE
WRITING COORDINATES TO DCD FILE ../output/4_CLKWWW.1.dcd AT STEP 10000
WRITING COORDINATES TO RESTART FILE AT STEP 10000
FINISHED WRITING RESTART COORDINATES
The last position output (seq=10000) takes 0.003 seconds, 49.924 MB of memory in use
WRITING VELOCITIES TO RESTART FILE AT STEP 10000
FINISHED WRITING RESTART VELOCITIES
The last velocity output (seq=10000) takes 0.000 seconds, 49.924 MB of memory in use
LDB: ============= START OF LOAD BALANCING ============== 248.113
LDB: ============== END OF LOAD BALANCING =============== 248.113
Info: useSync: 0 useProxySync: 0
LDB: =============== DONE WITH MIGRATION ================ 248.113
LDB: ============= START OF LOAD BALANCING ============== 249.269
LDB: Largest compute 19 load 0.062639 is 5.5% of average load 1.134207
LDB: Average compute 0.005020 is 0.4% of average load 1.134207
LDB: TIME 249.269 LOAD: AVG 1.13421 MAX 1.13618  PROXIES: TOTAL 18 MAXPE 9 MAXPATCH 1 None MEM: 49.9243 MB
LDB: TIME 249.269 LOAD: AVG 1.13421 MAX 1.13618  PROXIES: TOTAL 18 MAXPE 9 MAXPATCH 1 RefineTorusLB MEM: 49.9243 MB
LDB: TIME 249.269 LOAD: AVG 1.13421 MAX 1.13618  PROXIES: TOTAL 18 MAXPE 9 MAXPATCH 1 RefineTorusLB MEM: 49.9243 MB
LDB: ============== END OF LOAD BALANCING =============== 249.269
Info: useSync: 0 useProxySync: 0
LDB: =============== DONE WITH MIGRATION ================ 249.269
